Flow report for PipelineMips
Sat Jul 18 21:48:40 2026
Quartus II 64-Bit Version 13.1.0 Build 162 10/23/2013 SJ Web Edition


---------------------
; Table of Contents ;
---------------------
  1. Legal Notice
  2. Flow Summary
  3. Flow Settings
  4. Flow Non-Default Global Settings
  5. Flow Elapsed Time
  6. Flow OS Summary
  7. Flow Log
  8. Flow Messages
  9. Flow Suppressed Messages



----------------
; Legal Notice ;
----------------
Copyright (C) 1991-2013 Altera Corporation
Your use of Altera Corporation's design tools, logic functions 
and other software and tools, and its AMPP partner logic 
functions, and any output files from any of the foregoing 
(including device programming or simulation files), and any 
associated documentation or information are expressly subject 
to the terms and conditions of the Altera Program License 
Subscription Agreement, Altera MegaCore Function License 
Agreement, or other applicable license agreement, including, 
without limitation, that your use is for the sole purpose of 
programming logic devices manufactured by Altera and sold by 
Altera or its authorized distributors.  Please refer to the 
applicable agreement for further details.



+---------------------------------------------------------------------------------+
; Flow Summary                                                                    ;
+------------------------------------+--------------------------------------------+
; Flow Status                        ; Successful - Sat Jul 18 21:48:40 2026      ;
; Quartus II 64-Bit Version          ; 13.1.0 Build 162 10/23/2013 SJ Web Edition ;
; Revision Name                      ; PipelineMips                               ;
; Top-level Entity Name              ; PipelineMips                               ;
; Family                             ; Cyclone IV GX                              ;
; Total logic elements               ; 6,309 / 29,440 ( 21 % )                    ;
;     Total combinational functions  ; 4,887 / 29,440 ( 17 % )                    ;
;     Dedicated logic registers      ; 4,615 / 29,440 ( 16 % )                    ;
; Total registers                    ; 4615                                       ;
; Total pins                         ; 195 / 307 ( 64 % )                         ;
; Total virtual pins                 ; 0                                          ;
; Total memory bits                  ; 2,048 / 1,105,920 ( < 1 % )                ;
; Embedded Multiplier 9-bit elements ; 0 / 160 ( 0 % )                            ;
; Total GXB Receiver Channel PCS     ; 0 / 4 ( 0 % )                              ;
; Total GXB Receiver Channel PMA     ; 0 / 4 ( 0 % )                              ;
; Total GXB Transmitter Channel PCS  ; 0 / 4 ( 0 % )                              ;
; Total GXB Transmitter Channel PMA  ; 0 / 4 ( 0 % )                              ;
; Total PLLs                         ; 0 / 6 ( 0 % )                              ;
; Device                             ; EP4CGX30CF23C6                             ;
; Timing Models                      ; Final                                      ;
+------------------------------------+--------------------------------------------+


+-----------------------------------------+
; Flow Settings                           ;
+-------------------+---------------------+
; Option            ; Setting             ;
+-------------------+---------------------+
; Start date & time ; 07/18/2026 21:46:37 ;
; Main task         ; Compilation         ;
; Revision Name     ; PipelineMips        ;
+-------------------+---------------------+


+-------------------------------------------------------------------------------------------------------------------------+
; Flow Non-Default Global Settings                                                                                        ;
+--------------------------------------+---------------------------------+---------------+-------------+------------------+
; Assignment Name                      ; Value                           ; Default Value ; Entity Name ; Section Id       ;
+--------------------------------------+---------------------------------+---------------+-------------+------------------+
; COMPILER_SIGNATURE_ID                ; 2542857346832.178440039712356   ; --            ; --          ; --               ;
; CYCLONEII_OPTIMIZATION_TECHNIQUE     ; Area                            ; Balanced      ; --          ; --               ;
; EDA_DESIGN_INSTANCE_NAME             ; NA                              ; --            ; --          ; TestPipelineMips ;
; EDA_GENERATE_FUNCTIONAL_NETLIST      ; Off                             ; --            ; --          ; eda_simulation   ;
; EDA_NATIVELINK_SIMULATION_TEST_BENCH ; TestPipelineMips                ; --            ; --          ; eda_simulation   ;
; EDA_OUTPUT_DATA_FORMAT               ; Systemverilog Hdl               ; --            ; --          ; eda_simulation   ;
; EDA_RUN_TOOL_AUTOMATICALLY           ; On                              ; --            ; --          ; eda_simulation   ;
; EDA_SIMULATION_TOOL                  ; ModelSim-Altera (SystemVerilog) ; <None>        ; --          ; --               ;
; EDA_TEST_BENCH_ENABLE_STATUS         ; TEST_BENCH_MODE                 ; --            ; --          ; eda_simulation   ;
; EDA_TEST_BENCH_FILE                  ; TestPipelineMips.sv             ; --            ; --          ; TestPipelineMips ;
; EDA_TEST_BENCH_MODULE_NAME           ; TestPipelineMips                ; --            ; --          ; TestPipelineMips ;
; EDA_TEST_BENCH_NAME                  ; TestPipelineMips                ; --            ; --          ; eda_simulation   ;
; EDA_TIME_SCALE                       ; 1 ps                            ; --            ; --          ; eda_simulation   ;
; PARTITION_COLOR                      ; 16764057                        ; --            ; --          ; Top              ;
; PARTITION_FITTER_PRESERVATION_LEVEL  ; PLACEMENT_AND_ROUTING           ; --            ; --          ; Top              ;
; PARTITION_NETLIST_TYPE               ; SOURCE                          ; --            ; --          ; Top              ;
; PROJECT_OUTPUT_DIRECTORY             ; output_files                    ; --            ; --          ; --               ;
+--------------------------------------+---------------------------------+---------------+-------------+------------------+


+-------------------------------------------------------------------------------------------------------------------------------+
; Flow Elapsed Time                                                                                                             ;
+---------------------------+--------------+-------------------------+---------------------+------------------------------------+
; Module Name               ; Elapsed Time ; Average Processors Used ; Peak Virtual Memory ; Total CPU Time (on all processors) ;
+---------------------------+--------------+-------------------------+---------------------+------------------------------------+
; Analysis & Synthesis      ; 00:00:16     ; 1.0                     ; 4694 MB             ; 00:00:15                           ;
; Fitter                    ; 00:01:15     ; 1.0                     ; 5160 MB             ; 00:01:14                           ;
; Assembler                 ; 00:00:06     ; 1.0                     ; 4659 MB             ; 00:00:06                           ;
; TimeQuest Timing Analyzer ; 00:00:09     ; 1.0                     ; 4737 MB             ; 00:00:09                           ;
; EDA Netlist Writer        ; 00:00:09     ; 1.0                     ; 4667 MB             ; 00:00:09                           ;
; Total                     ; 00:01:55     ; --                      ; --                  ; 00:01:53                           ;
+---------------------------+--------------+-------------------------+---------------------+------------------------------------+


+----------------------------------------------------------------------------------------+
; Flow OS Summary                                                                        ;
+---------------------------+------------------+-----------+------------+----------------+
; Module Name               ; Machine Hostname ; OS Name   ; OS Version ; Processor type ;
+---------------------------+------------------+-----------+------------+----------------+
; Analysis & Synthesis      ; LAPTOP-0A8LG1PG  ; Windows 7 ; 6.2        ; x86_64         ;
; Fitter                    ; LAPTOP-0A8LG1PG  ; Windows 7 ; 6.2        ; x86_64         ;
; Assembler                 ; LAPTOP-0A8LG1PG  ; Windows 7 ; 6.2        ; x86_64         ;
; TimeQuest Timing Analyzer ; LAPTOP-0A8LG1PG  ; Windows 7 ; 6.2        ; x86_64         ;
; EDA Netlist Writer        ; LAPTOP-0A8LG1PG  ; Windows 7 ; 6.2        ; x86_64         ;
+---------------------------+------------------+-----------+------------+----------------+


------------
; Flow Log ;
------------
quartus_map --read_settings_files=on --write_settings_files=off PipelineMips -c PipelineMips
quartus_fit --read_settings_files=off --write_settings_files=off PipelineMips -c PipelineMips
quartus_asm --read_settings_files=off --write_settings_files=off PipelineMips -c PipelineMips
quartus_sta PipelineMips -c PipelineMips
quartus_eda --read_settings_files=off --write_settings_files=off PipelineMips -c PipelineMips



